<?xml version="1.0" encoding="UTF-8"?>
<!-- Generated by org.testng.reporters.JUnitReportReporter -->
<testsuite hostname="LTIN179458" failures="0" tests="1" name="TestNG.Seleniumtest.VerifySeleniumTest" time="39.714" errors="0" timestamp="01 Oct 2020 19:13:52 GMT" skipped="0">
  <testcase classname="TestNG.Seleniumtest.VerifySeleniumTest" name="verifyGooglePageTittle" time="39.714"/>
</testsuite> <!-- TestNG.Seleniumtest.VerifySeleniumTest -->
