<?xml version="1.0" encoding="UTF-8"?>
<!-- Generated by org.testng.reporters.JUnitReportReporter -->
<testsuite hostname="LTIN179458" failures="0" tests="1" name="TestNG.Seleniumtest.VerifySecondTest" time="38.906" errors="0" timestamp="01 Oct 2020 18:22:35 GMT" skipped="0">
  <testcase classname="TestNG.Seleniumtest.VerifySecondTest" name="verifyGooglePageTittle" time="38.906"/>
</testsuite> <!-- TestNG.Seleniumtest.VerifySecondTest -->
