<?xml version="1.0" encoding="UTF-8"?>
<!-- Generated by org.testng.reporters.JUnitReportReporter -->
<testsuite hostname="LTIN179458" failures="0" tests="1" name="CucumberOptions.TestRunner" time="46.569" errors="0" timestamp="02 Oct 2020 09:40:12 GMT" skipped="0">
  <testcase classname="CucumberOptions.TestRunner" name="runScenario" time="46.569"/>
</testsuite> <!-- CucumberOptions.TestRunner -->
